<?xml version="1.0" encoding="UTF-8"?>
<!-- Generated by org.testng.reporters.JUnitReportReporter -->
<testsuite hostname="DESKTOP-25KE1F9" failures="0" tests="1" name="testCases.llabeAssessment" time="48.895" errors="0" timestamp="2023-01-30T11:08:09 CAT" skipped="0">
  <testcase classname="testCases.llabeAssessment" name="IlabTechnicalAssessment" time="48.895"/>
  <system-out/>
</testsuite> <!-- testCases.llabeAssessment -->
