<?xml version="1.0" encoding="UTF-8"?>
<!-- Generated by org.testng.reporters.JUnitReportReporter -->
<testsuite hostname="DESKTOP-25KE1F9" failures="0" tests="1" name="testCases.AutomationTest" time="24.260" errors="0" timestamp="2023-02-03T18:19:09 CAT" skipped="0">
  <testcase classname="testCases.AutomationTest" name="TechnicalAssessment" time="24.260"/>
  <system-out/>
</testsuite> <!-- testCases.AutomationTest -->
