<?xml version="1.0" encoding="UTF-8"?>
<!-- Generated by org.testng.reporters.JUnitReportReporter -->
<testsuite hostname="DESKTOP-25KE1F9" failures="0" tests="1" name="testCases.kurtosysTestCase" time="61.299" errors="0" timestamp="2022-08-22T08:45:04 CAT" skipped="0">
  <testcase classname="testCases.kurtosysTestCase" name="KurtosysTechnicalAssessment" time="61.299"/>
  <system-out/>
</testsuite> <!-- testCases.kurtosysTestCase -->
