<?xml version="1.0" encoding="UTF-8"?>
<!-- Generated by org.testng.reporters.JUnitReportReporter -->
<testsuite hostname="DESKTOP-25KE1F9" failures="0" tests="1" name="testCases.kurtosysTestCase" time="44.962" errors="0" timestamp="2023-01-29T23:50:10 CAT" skipped="0">
  <testcase classname="testCases.kurtosysTestCase" name="KurtosysTechnicalAssessment" time="44.962"/>
  <system-out/>
</testsuite> <!-- testCases.kurtosysTestCase -->
